<?xml version="1.0" encoding="UTF-8"?>
<!-- Generated by org.testng.reporters.JUnitReportReporter -->
<testsuite skipped="0" hostname="LAPTOP-5KULBKGA" name="org.test.Sep17b" tests="3" failures="0" timestamp="19 Sep 2022 07:43:30 GMT" time="0.002" errors="0">
  <testcase name="TC5" time="0.000" classname="org.test.Sep17b"/>
  <testcase name="TC6" time="0.000" classname="org.test.Sep17b"/>
  <testcase name="TC6" time="0.002" classname="org.test.Sep17b"/>
</testsuite> <!-- org.test.Sep17b -->
