<?xml version="1.0" encoding="UTF-8"?>
<!-- Generated by org.testng.reporters.JUnitReportReporter -->
<testsuite skipped="0" hostname="LAPTOP-5KULBKGA" name="org.test.AssertionJunitSep6" tests="1" failures="0" timestamp="06 Sep 2022 07:56:58 GMT" time="30.729" errors="0">
  <testcase name="test1" time="30.729" classname="org.test.AssertionJunitSep6"/>
</testsuite> <!-- org.test.AssertionJunitSep6 -->
