<?xml version="1.0" encoding="UTF-8"?>
<!-- Generated by org.testng.reporters.JUnitReportReporter -->
<testsuite skipped="0" hostname="LAPTOP-5KULBKGA" name="org.test.Sep17a" tests="3" failures="0" timestamp="19 Sep 2022 07:43:30 GMT" time="4.564" errors="0">
  <testcase name="TC2" time="0.010" classname="org.test.Sep17a"/>
  <testcase name="TC4" time="4.552" classname="org.test.Sep17a"/>
  <testcase name="TC3" time="0.002" classname="org.test.Sep17a"/>
</testsuite> <!-- org.test.Sep17a -->
