<?xml version="1.0" encoding="UTF-8"?>
<!-- Generated by org.testng.reporters.JUnitReportReporter -->
<testsuite skipped="0" hostname="LAPTOP-5KULBKGA" name="org.test.Sep17c" tests="3" failures="0" timestamp="19 Sep 2022 07:43:30 GMT" time="0.012" errors="0">
  <testcase name="TC10" time="0.002" classname="org.test.Sep17c"/>
  <testcase name="TC8" time="0.004" classname="org.test.Sep17c"/>
  <testcase name="TC9" time="0.006" classname="org.test.Sep17c"/>
</testsuite> <!-- org.test.Sep17c -->
