<?xml version="1.0" encoding="UTF-8"?>
<!-- Generated by org.testng.reporters.JUnitReportReporter -->
<testsuite skipped="0" hostname="LAPTOP-5KULBKGA" name="org.test.Sep20Parallel" tests="2" failures="0" timestamp="20 Sep 2022 07:49:20 GMT" time="40.865" errors="0">
  <testcase name="TC1" time="22.000" classname="org.test.Sep20Parallel"/>
  <testcase name="TC1" time="18.865" classname="org.test.Sep20Parallel"/>
</testsuite> <!-- org.test.Sep20Parallel -->
