<?xml version="1.0" encoding="UTF-8"?>
<!-- Generated by org.testng.reporters.JUnitReportReporter -->
<testsuite skipped="0" hostname="LAPTOP-5KULBKGA" name="org.test.Sep27b" tests="1" failures="0" timestamp="27 Sep 2022 17:00:00 GMT" time="7.372" errors="0">
  <testcase name="TC1" time="7.372" classname="org.test.Sep27b"/>
</testsuite> <!-- org.test.Sep27b -->
