<?xml version="1.0" encoding="UTF-8"?>
<!-- Generated by org.testng.reporters.JUnitReportReporter -->
<testsuite skipped="1" hostname="LAPTOP-5KULBKGA" name="org.test.AssertionTestNG" tests="4" failures="0" timestamp="06 Sep 2022 08:30:34 GMT" time="29.891" errors="0">
  <testcase name="test1" time="29.488" classname="org.test.AssertionTestNG"/>
  <testcase name="test2" time="0.292" classname="org.test.AssertionTestNG"/>
  <testcase name="test4" time="0.111" classname="org.test.AssertionTestNG"/>
  <testcase name="test3" classname="org.test.AssertionTestNG">
    <skipped/>
  </testcase> <!-- test3 -->
</testsuite> <!-- org.test.AssertionTestNG -->
