<?xml version="1.0" encoding="UTF-8"?>
<!-- Generated by org.testng.reporters.JUnitReportReporter -->
<testsuite skipped="1" hostname="LAPTOP-5KULBKGA" name="org.test.Sep1Testng1" tests="3" failures="0" timestamp="05 Sep 2022 05:29:18 GMT" time="1.234" errors="0">
  <testcase name="test2" time="0.806" classname="org.test.Sep1Testng1"/>
  <testcase name="test1" time="0.428" classname="org.test.Sep1Testng1"/>
  <testcase name="test3" classname="org.test.Sep1Testng1">
    <skipped/>
  </testcase> <!-- test3 -->
</testsuite> <!-- org.test.Sep1Testng1 -->
